<?xml version="1.0" encoding="UTF-8"?>
<testsuite xmlns:xsi="http://www.w3.org/2001/XMLSchema-instance" xsi:noNamespaceSchemaLocation="https://maven.apache.org/surefire/maven-surefire-plugin/xsd/surefire-test-report.xsd" name="TestSuite" time="13.134" tests="12" errors="0" skipped="0" failures="0">
  <properties>
    <property name="java.specification.version" value="17"/>
    <property name="sun.jnu.encoding" value="UTF-8"/>
    <property name="java.class.path" value="/Users/francisca.chulim/Documents/MavenProjects/api_demo/target/test-classes:/Users/francisca.chulim/Documents/MavenProjects/api_demo/target/classes:/Users/francisca.chulim/.m2/repository/io/rest-assured/rest-assured/5.1.1/rest-assured-5.1.1.jar:/Users/francisca.chulim/.m2/repository/org/apache/groovy/groovy/4.0.1/groovy-4.0.1.jar:/Users/francisca.chulim/.m2/repository/org/apache/groovy/groovy-xml/4.0.1/groovy-xml-4.0.1.jar:/Users/francisca.chulim/.m2/repository/org/apache/httpcomponents/httpclient/4.5.13/httpclient-4.5.13.jar:/Users/francisca.chulim/.m2/repository/org/apache/httpcomponents/httpcore/4.4.13/httpcore-4.4.13.jar:/Users/francisca.chulim/.m2/repository/commons-logging/commons-logging/1.2/commons-logging-1.2.jar:/Users/francisca.chulim/.m2/repository/commons-codec/commons-codec/1.11/commons-codec-1.11.jar:/Users/francisca.chulim/.m2/repository/org/apache/httpcomponents/httpmime/4.5.13/httpmime-4.5.13.jar:/Users/francisca.chulim/.m2/repository/org/hamcrest/hamcrest/2.1/hamcrest-2.1.jar:/Users/francisca.chulim/.m2/repository/org/ccil/cowan/tagsoup/tagsoup/1.2.1/tagsoup-1.2.1.jar:/Users/francisca.chulim/.m2/repository/io/rest-assured/json-path/5.1.1/json-path-5.1.1.jar:/Users/francisca.chulim/.m2/repository/org/apache/groovy/groovy-json/4.0.1/groovy-json-4.0.1.jar:/Users/francisca.chulim/.m2/repository/io/rest-assured/rest-assured-common/5.1.1/rest-assured-common-5.1.1.jar:/Users/francisca.chulim/.m2/repository/io/rest-assured/xml-path/5.1.1/xml-path-5.1.1.jar:/Users/francisca.chulim/.m2/repository/org/apache/commons/commons-lang3/3.11/commons-lang3-3.11.jar:/Users/francisca.chulim/.m2/repository/org/testng/testng/7.6.1/testng-7.6.1.jar:/Users/francisca.chulim/.m2/repository/com/google/code/findbugs/jsr305/3.0.2/jsr305-3.0.2.jar:/Users/francisca.chulim/.m2/repository/org/slf4j/slf4j-api/1.7.36/slf4j-api-1.7.36.jar:/Users/francisca.chulim/.m2/repository/com/beust/jcommander/1.82/jcommander-1.82.jar:/Users/francisca.chulim/.m2/repository/org/webjars/jquery/3.6.0/jquery-3.6.0.jar:/Users/francisca.chulim/.m2/repository/junit/junit/4.11/junit-4.11.jar:/Users/francisca.chulim/.m2/repository/org/hamcrest/hamcrest-core/1.3/hamcrest-core-1.3.jar:/Users/francisca.chulim/.m2/repository/com/tngtech/junit/dataprovider/junit-dataprovider-core/2.9/junit-dataprovider-core-2.9.jar:/Users/francisca.chulim/.m2/repository/com/fasterxml/jackson/core/jackson-databind/2.13.3/jackson-databind-2.13.3.jar:/Users/francisca.chulim/.m2/repository/com/fasterxml/jackson/core/jackson-annotations/2.13.3/jackson-annotations-2.13.3.jar:/Users/francisca.chulim/.m2/repository/com/fasterxml/jackson/core/jackson-core/2.13.3/jackson-core-2.13.3.jar:/Users/francisca.chulim/.m2/repository/org/slf4j/slf4j-jdk14/1.7.36/slf4j-jdk14-1.7.36.jar:"/>
    <property name="java.vm.vendor" value="Eclipse Adoptium"/>
    <property name="sun.arch.data.model" value="64"/>
    <property name="java.vendor.url" value="https://adoptium.net/"/>
    <property name="os.name" value="Mac OS X"/>
    <property name="java.vm.specification.version" value="17"/>
    <property name="sun.java.launcher" value="SUN_STANDARD"/>
    <property name="user.country" value="MX"/>
    <property name="sun.boot.library.path" value="/Library/Java/JavaVirtualMachines/temurin-17.jdk/Contents/Home/lib"/>
    <property name="sun.java.command" value="/Users/francisca.chulim/Documents/MavenProjects/api_demo/target/surefire/surefirebooter4187423777940416053.jar /Users/francisca.chulim/Documents/MavenProjects/api_demo/target/surefire 2022-07-22T11-17-11_426-jvmRun1 surefire4047032693320967353tmp surefire_05510653176554986188tmp"/>
    <property name="http.nonProxyHosts" value="local|*.local|169.254/16|*.169.254/16"/>
    <property name="jdk.debug" value="release"/>
    <property name="surefire.test.class.path" value="/Users/francisca.chulim/Documents/MavenProjects/api_demo/target/test-classes:/Users/francisca.chulim/Documents/MavenProjects/api_demo/target/classes:/Users/francisca.chulim/.m2/repository/io/rest-assured/rest-assured/5.1.1/rest-assured-5.1.1.jar:/Users/francisca.chulim/.m2/repository/org/apache/groovy/groovy/4.0.1/groovy-4.0.1.jar:/Users/francisca.chulim/.m2/repository/org/apache/groovy/groovy-xml/4.0.1/groovy-xml-4.0.1.jar:/Users/francisca.chulim/.m2/repository/org/apache/httpcomponents/httpclient/4.5.13/httpclient-4.5.13.jar:/Users/francisca.chulim/.m2/repository/org/apache/httpcomponents/httpcore/4.4.13/httpcore-4.4.13.jar:/Users/francisca.chulim/.m2/repository/commons-logging/commons-logging/1.2/commons-logging-1.2.jar:/Users/francisca.chulim/.m2/repository/commons-codec/commons-codec/1.11/commons-codec-1.11.jar:/Users/francisca.chulim/.m2/repository/org/apache/httpcomponents/httpmime/4.5.13/httpmime-4.5.13.jar:/Users/francisca.chulim/.m2/repository/org/hamcrest/hamcrest/2.1/hamcrest-2.1.jar:/Users/francisca.chulim/.m2/repository/org/ccil/cowan/tagsoup/tagsoup/1.2.1/tagsoup-1.2.1.jar:/Users/francisca.chulim/.m2/repository/io/rest-assured/json-path/5.1.1/json-path-5.1.1.jar:/Users/francisca.chulim/.m2/repository/org/apache/groovy/groovy-json/4.0.1/groovy-json-4.0.1.jar:/Users/francisca.chulim/.m2/repository/io/rest-assured/rest-assured-common/5.1.1/rest-assured-common-5.1.1.jar:/Users/francisca.chulim/.m2/repository/io/rest-assured/xml-path/5.1.1/xml-path-5.1.1.jar:/Users/francisca.chulim/.m2/repository/org/apache/commons/commons-lang3/3.11/commons-lang3-3.11.jar:/Users/francisca.chulim/.m2/repository/org/testng/testng/7.6.1/testng-7.6.1.jar:/Users/francisca.chulim/.m2/repository/com/google/code/findbugs/jsr305/3.0.2/jsr305-3.0.2.jar:/Users/francisca.chulim/.m2/repository/org/slf4j/slf4j-api/1.7.36/slf4j-api-1.7.36.jar:/Users/francisca.chulim/.m2/repository/com/beust/jcommander/1.82/jcommander-1.82.jar:/Users/francisca.chulim/.m2/repository/org/webjars/jquery/3.6.0/jquery-3.6.0.jar:/Users/francisca.chulim/.m2/repository/junit/junit/4.11/junit-4.11.jar:/Users/francisca.chulim/.m2/repository/org/hamcrest/hamcrest-core/1.3/hamcrest-core-1.3.jar:/Users/francisca.chulim/.m2/repository/com/tngtech/junit/dataprovider/junit-dataprovider-core/2.9/junit-dataprovider-core-2.9.jar:/Users/francisca.chulim/.m2/repository/com/fasterxml/jackson/core/jackson-databind/2.13.3/jackson-databind-2.13.3.jar:/Users/francisca.chulim/.m2/repository/com/fasterxml/jackson/core/jackson-annotations/2.13.3/jackson-annotations-2.13.3.jar:/Users/francisca.chulim/.m2/repository/com/fasterxml/jackson/core/jackson-core/2.13.3/jackson-core-2.13.3.jar:/Users/francisca.chulim/.m2/repository/org/slf4j/slf4j-jdk14/1.7.36/slf4j-jdk14-1.7.36.jar:"/>
    <property name="sun.cpu.endian" value="little"/>
    <property name="user.home" value="/Users/francisca.chulim"/>
    <property name="user.language" value="en"/>
    <property name="java.specification.vendor" value="Oracle Corporation"/>
    <property name="java.version.date" value="2022-04-19"/>
    <property name="java.home" value="/Library/Java/JavaVirtualMachines/temurin-17.jdk/Contents/Home"/>
    <property name="file.separator" value="/"/>
    <property name="basedir" value="/Users/francisca.chulim/Documents/MavenProjects/api_demo"/>
    <property name="java.vm.compressedOopsMode" value="Zero based"/>
    <property name="line.separator" value="&#10;"/>
    <property name="java.specification.name" value="Java Platform API Specification"/>
    <property name="java.vm.specification.vendor" value="Oracle Corporation"/>
    <property name="surefire.real.class.path" value="/Users/francisca.chulim/Documents/MavenProjects/api_demo/target/surefire/surefirebooter4187423777940416053.jar"/>
    <property name="sun.management.compiler" value="HotSpot 64-Bit Tiered Compilers"/>
    <property name="ftp.nonProxyHosts" value="local|*.local|169.254/16|*.169.254/16"/>
    <property name="java.runtime.version" value="17.0.3+7"/>
    <property name="user.name" value="francisca.chulim"/>
    <property name="path.separator" value=":"/>
    <property name="os.version" value="12.2.1"/>
    <property name="java.runtime.name" value="OpenJDK Runtime Environment"/>
    <property name="file.encoding" value="UTF-8"/>
    <property name="java.vm.name" value="OpenJDK 64-Bit Server VM"/>
    <property name="java.vendor.version" value="Temurin-17.0.3+7"/>
    <property name="localRepository" value="/Users/francisca.chulim/.m2/repository"/>
    <property name="java.vendor.url.bug" value="https://github.com/adoptium/adoptium-support/issues"/>
    <property name="java.io.tmpdir" value="/var/folders/1l/5wzztmxn5r16ffkn_msy06980000gn/T/"/>
    <property name="java.version" value="17.0.3"/>
    <property name="user.dir" value="/Users/francisca.chulim/Documents/MavenProjects/api_demo"/>
    <property name="os.arch" value="aarch64"/>
    <property name="java.vm.specification.name" value="Java Virtual Machine Specification"/>
    <property name="native.encoding" value="UTF-8"/>
    <property name="java.library.path" value="/Users/francisca.chulim/Library/Java/Extensions:/Library/Java/Extensions:/Network/Library/Java/Extensions:/System/Library/Java/Extensions:/usr/lib/java:."/>
    <property name="java.vm.info" value="mixed mode"/>
    <property name="java.vendor" value="Eclipse Adoptium"/>
    <property name="java.vm.version" value="17.0.3+7"/>
    <property name="sun.io.unicode.encoding" value="UnicodeBig"/>
    <property name="socksNonProxyHosts" value="local|*.local|169.254/16|*.169.254/16"/>
    <property name="java.class.version" value="61.0"/>
  </properties>
  <testcase name="createProject_checkStatusCodeAndResponseContent" classname="api_demo.ProjectScenarios" time="2.579"/>
  <testcase name="createProject_negativeScenario_badRequest" classname="api_demo.ProjectScenarios" time="0.48"/>
  <testcase name="deleteProject_checkStatusCode" classname="api_demo.ProjectScenarios" time="0.927"/>
  <testcase name="getAProject_checkStatusCodeAndResponseContent" classname="api_demo.ProjectScenarios" time="1.637"/>
  <testcase name="getProjects_checkStatusCodeAndResponseSize" classname="api_demo.ProjectScenarios" time="1.705"/>
  <testcase name="updateProject_checkStatusCode" classname="api_demo.ProjectScenarios" time="0.332"/>
  <testcase name="createTasks_negativeScenario_badRequest" classname="api_demo.TaskScenarios" time="0.16"/>
  <testcase name="getAllActiveTasks_checkStatusCodeAndResponseSize" classname="api_demo.TaskScenarios" time="2.039"/>
  <testcase name="getAnActiveTasks_checkStatusCode" classname="api_demo.TaskScenarios" time="0.28"/>
  <testcase name="createTasks_checkStatusCodeAndResponseContent" classname="api_demo.TaskScenarios" time="0.38"/>
  <testcase name="updateTasks_checkStatusCode" classname="api_demo.TaskScenarios" time="1.522"/>
  <testcase name="deleteTasks_checkStatusCodeAndResponseContent" classname="api_demo.TaskScenarios" time="0.556"/>
</testsuite>