<?xml version="1.0" encoding="UTF-8"?>
<!-- Generated by org.testng.reporters.JUnitReportReporter -->
<testsuite hostname="Franciss-MacBook-Pro.local" failures="0" tests="6" name="api_demo.ProjectScenarios" time="7.658" errors="0" timestamp="2022-07-22T11:17:24 CDT" skipped="0">
  <testcase classname="api_demo.ProjectScenarios" name="createProject_negativeScenario_badRequest" time="0.481"/>
  <system-out/>
  <testcase classname="api_demo.ProjectScenarios" name="getAProject_checkStatusCodeAndResponseContent" time="1.637"/>
  <system-out/>
  <testcase classname="api_demo.ProjectScenarios" name="getProjects_checkStatusCodeAndResponseSize" time="1.704"/>
  <system-out/>
  <testcase classname="api_demo.ProjectScenarios" name="deleteProject_checkStatusCode" time="0.926"/>
  <system-out/>
  <testcase classname="api_demo.ProjectScenarios" name="createProject_checkStatusCodeAndResponseContent" time="2.578"/>
  <system-out/>
  <testcase classname="api_demo.ProjectScenarios" name="updateProject_checkStatusCode" time="0.332"/>
  <system-out/>
</testsuite> <!-- api_demo.ProjectScenarios -->
