<?xml version="1.0" encoding="UTF-8"?>
<!-- Generated by org.testng.reporters.JUnitReportReporter -->
<testsuite hostname="Franciss-MacBook-Pro.local" failures="0" tests="6" name="api_demo.ProjectScenarios" time="4.436" errors="0" timestamp="2022-08-03T17:05:30 CDT" skipped="0">
  <testcase classname="api_demo.ProjectScenarios" name="getProjects_checkStatusCodeAndResponseSize" time="1.260"/>
  <system-out/>
  <testcase classname="api_demo.ProjectScenarios" name="createProject_checkStatusCodeAndResponseContent" time="0.888"/>
  <system-out/>
  <testcase classname="api_demo.ProjectScenarios" name="getAProject_checkStatusCodeAndResponseContent" time="0.530"/>
  <system-out/>
  <testcase classname="api_demo.ProjectScenarios" name="updateProject_checkStatusCode" time="0.611"/>
  <system-out/>
  <testcase classname="api_demo.ProjectScenarios" name="deleteProject_checkStatusCode" time="0.644"/>
  <system-out/>
  <testcase classname="api_demo.ProjectScenarios" name="createProject_negativeScenario_badRequest" time="0.503"/>
  <system-out/>
</testsuite> <!-- api_demo.ProjectScenarios -->
