<?xml version="1.0" encoding="UTF-8"?>
<!-- Generated by org.testng.reporters.JUnitReportReporter -->
<testsuite hostname="Franciss-MacBook-Pro.local" failures="0" tests="6" name="api_demo.TaskScenarios" time="4.935" errors="0" timestamp="2022-07-22T11:17:24 CDT" skipped="0">
  <testcase classname="api_demo.TaskScenarios" name="createTasks_negativeScenario_badRequest" time="0.159"/>
  <system-out/>
  <testcase classname="api_demo.TaskScenarios" name="getAllActiveTasks_checkStatusCodeAndResponseSize" time="2.038"/>
  <system-out/>
  <testcase classname="api_demo.TaskScenarios" name="getAnActiveTasks_checkStatusCode" time="0.280"/>
  <system-out/>
  <testcase classname="api_demo.TaskScenarios" name="createTasks_checkStatusCodeAndResponseContent" time="0.380"/>
  <system-out/>
  <testcase classname="api_demo.TaskScenarios" name="updateTasks_checkStatusCode" time="1.521"/>
  <system-out/>
  <testcase classname="api_demo.TaskScenarios" name="deleteTasks_checkStatusCodeAndResponseContent" time="0.557"/>
  <system-out/>
</testsuite> <!-- api_demo.TaskScenarios -->
