<?xml version="1.0" encoding="UTF-8"?>
<!-- Generated by org.testng.reporters.JUnitReportReporter -->
<testsuite hostname="Franciss-MacBook-Pro.local" failures="0" tests="6" name="api_demo.TaskScenarios" time="2.824" errors="0" timestamp="2022-08-03T17:05:30 CDT" skipped="0">
  <testcase classname="api_demo.TaskScenarios" name="getAllActiveTasks_checkStatusCodeAndResponseSize" time="0.484"/>
  <system-out/>
  <testcase classname="api_demo.TaskScenarios" name="createTasks_checkStatusCodeAndResponseContent" time="0.716"/>
  <system-out/>
  <testcase classname="api_demo.TaskScenarios" name="getAnActiveTasks_checkStatusCode" time="0.508"/>
  <system-out/>
  <testcase classname="api_demo.TaskScenarios" name="updateTasks_checkStatusCode" time="0.382"/>
  <system-out/>
  <testcase classname="api_demo.TaskScenarios" name="deleteTasks_checkStatusCodeAndResponseContent" time="0.394"/>
  <system-out/>
  <testcase classname="api_demo.TaskScenarios" name="createTasks_negativeScenario_badRequest" time="0.340"/>
  <system-out/>
</testsuite> <!-- api_demo.TaskScenarios -->
